# JRE version: Java(TM) SE Runtime Environment (17.0.12+8) (build 17.0.12+8-LTS-286)
# Java VM: Java HotSpot(TM) 64-Bit Server VM (17.0.12+8-LTS-286, mixed mode, sharing, tiered, compressed oops, compressed class ptrs, g1 gc, windows-amd64)
GC Precious Log:
 CPUs: 8 total, 8 available
 Memory: 6015M
 Large Page Support: Disabled
 NUMA Support: Disabled
 Compressed Oops: Enabled (32-bit)
 Heap Region Size: 1M
 Heap Min Capacity: 8M
 Heap Initial Capacity: 94M
 Heap Max Capacity: 1504M
 Pre-touch: Disabled
 Parallel Workers: 8
 Concurrent Workers: 2
 Concurrent Refinement Workers: 8
 Periodic GC: Disabled
Heap:
 garbage-first heap   total 322560K, used 155571K [0x00000000a2000000, 0x0000000100000000)
  region size 1024K, 72 young (73728K), 9 survivors (9216K)
 Metaspace       used 58663K, committed 58944K, reserved 1114112K
  class space    used 6595K, committed 6720K, reserved 1048576K
GC Heap History (20 events):
Event: 44.339 GC heap before
{Heap before GC invocations=39 (full 0):
 garbage-first heap   total 146432K, used 119715K [0x00000000a2000000, 0x0000000100000000)
  region size 1024K, 40 young (40960K), 4 survivors (4096K)
 Metaspace       used 56775K, committed 57088K, reserved 1114112K
  class space    used 6367K, committed 6528K, reserved 1048576K
}
Event: 44.350 GC heap after
{Heap after GC invocations=40 (full 0):
 garbage-first heap   total 146432K, used 83545K [0x00000000a2000000, 0x0000000100000000)
  region size 1024K, 1 young (1024K), 1 survivors (1024K)
 Metaspace       used 56775K, committed 57088K, reserved 1114112K
  class space    used 6367K, committed 6528K, reserved 1048576K
}
Event: 45.135 GC heap before
{Heap before GC invocations=40 (full 0):
 garbage-first heap   total 146432K, used 121433K [0x00000000a2000000, 0x0000000100000000)
  region size 1024K, 38 young (38912K), 1 survivors (1024K)
 Metaspace       used 56775K, committed 57088K, reserved 1114112K
  class space    used 6367K, committed 6528K, reserved 1048576K
}
Event: 45.138 GC heap after
{Heap after GC invocations=41 (full 0):
 garbage-first heap   total 322560K, used 83056K [0x00000000a2000000, 0x0000000100000000)
  region size 1024K, 1 young (1024K), 1 survivors (1024K)
 Metaspace       used 56775K, committed 57088K, reserved 1114112K
  class space    used 6367K, committed 6528K, reserved 1048576K
}
Event: 46.628 GC heap before
{Heap before GC invocations=41 (full 0):
 garbage-first heap   total 322560K, used 255088K [0x00000000a2000000, 0x0000000100000000)
  region size 1024K, 169 young (173056K), 1 survivors (1024K)
 Metaspace       used 56777K, committed 57088K, reserved 1114112K
  class space    used 6367K, committed 6528K, reserved 1048576K
}
Event: 46.633 GC heap after
{Heap after GC invocations=42 (full 0):
 garbage-first heap   total 322560K, used 83008K [0x00000000a2000000, 0x0000000100000000)
  region size 1024K, 1 young (1024K), 1 survivors (1024K)
 Metaspace       used 56777K, committed 57088K, reserved 1114112K
  class space    used 6367K, committed 6528K, reserved 1048576K
}
Event: 48.586 GC heap before
{Heap before GC invocations=42 (full 0):
 garbage-first heap   total 322560K, used 275520K [0x00000000a2000000, 0x0000000100000000)
  region size 1024K, 189 young (193536K), 1 survivors (1024K)
 Metaspace       used 56800K, committed 57088K, reserved 1114112K
  class space    used 6367K, committed 6528K, reserved 1048576K
}
Event: 48.595 GC heap after
{Heap after GC invocations=43 (full 0):
 garbage-first heap   total 322560K, used 83065K [0x00000000a2000000, 0x0000000100000000)
  region size 1024K, 1 young (1024K), 1 survivors (1024K)
 Metaspace       used 56800K, committed 57088K, reserved 1114112K
  class space    used 6367K, committed 6528K, reserved 1048576K
}
Event: 49.611 GC heap before
{Heap before GC invocations=43 (full 0):
 garbage-first heap   total 322560K, used 275577K [0x00000000a2000000, 0x0000000100000000)
  region size 1024K, 189 young (193536K), 1 survivors (1024K)
 Metaspace       used 56812K, committed 57088K, reserved 1114112K
  class space    used 6367K, committed 6528K, reserved 1048576K
}
Event: 49.613 GC heap after
{Heap after GC invocations=44 (full 0):
 garbage-first heap   total 322560K, used 83179K [0x00000000a2000000, 0x0000000100000000)
  region size 1024K, 1 young (1024K), 1 survivors (1024K)
 Metaspace       used 56812K, committed 57088K, reserved 1114112K
  class space    used 6367K, committed 6528K, reserved 1048576K
}
Event: 50.447 GC heap before
{Heap before GC invocations=44 (full 0):
 garbage-first heap   total 322560K, used 275691K [0x00000000a2000000, 0x0000000100000000)
  region size 1024K, 189 young (193536K), 1 survivors (1024K)
 Metaspace       used 56851K, committed 57152K, reserved 1114112K
  class space    used 6367K, committed 6528K, reserved 1048576K
}
Event: 50.448 GC heap after
{Heap after GC invocations=45 (full 0):
 garbage-first heap   total 322560K, used 83281K [0x00000000a2000000, 0x0000000100000000)
  region size 1024K, 1 young (1024K), 1 survivors (1024K)
 Metaspace       used 56851K, committed 57152K, reserved 1114112K
  class space    used 6367K, committed 6528K, reserved 1048576K
}
Event: 51.269 GC heap before
{Heap before GC invocations=45 (full 0):
 garbage-first heap   total 322560K, used 275793K [0x00000000a2000000, 0x0000000100000000)
  region size 1024K, 189 young (193536K), 1 survivors (1024K)
 Metaspace       used 56854K, committed 57152K, reserved 1114112K
  class space    used 6367K, committed 6528K, reserved 1048576K
}
Event: 51.270 GC heap after
{Heap after GC invocations=46 (full 0):
 garbage-first heap   total 322560K, used 83599K [0x00000000a2000000, 0x0000000100000000)
  region size 1024K, 1 young (1024K), 1 survivors (1024K)
 Metaspace       used 56854K, committed 57152K, reserved 1114112K
  class space    used 6367K, committed 6528K, reserved 1048576K
}
Event: 51.824 GC heap before
{Heap before GC invocations=46 (full 0):
 garbage-first heap   total 322560K, used 276111K [0x00000000a2000000, 0x0000000100000000)
  region size 1024K, 189 young (193536K), 1 survivors (1024K)
 Metaspace       used 56860K, committed 57152K, reserved 1114112K
  class space    used 6367K, committed 6528K, reserved 1048576K
}
Event: 51.826 GC heap after
{Heap after GC invocations=47 (full 0):
 garbage-first heap   total 322560K, used 83465K [0x00000000a2000000, 0x0000000100000000)
  region size 1024K, 1 young (1024K), 1 survivors (1024K)
 Metaspace       used 56860K, committed 57152K, reserved 1114112K
  class space    used 6367K, committed 6528K, reserved 1048576K
}
Event: 52.775 GC heap before
{Heap before GC invocations=47 (full 0):
 garbage-first heap   total 322560K, used 275977K [0x00000000a2000000, 0x0000000100000000)
  region size 1024K, 189 young (193536K), 1 survivors (1024K)
 Metaspace       used 56863K, committed 57152K, reserved 1114112K
  class space    used 6367K, committed 6528K, reserved 1048576K
}
Event: 52.776 GC heap after
{Heap after GC invocations=48 (full 0):
 garbage-first heap   total 322560K, used 83509K [0x00000000a2000000, 0x0000000100000000)
  region size 1024K, 1 young (1024K), 1 survivors (1024K)
 Metaspace       used 56863K, committed 57152K, reserved 1114112K
  class space    used 6367K, committed 6528K, reserved 1048576K
}
Event: 62.851 GC heap before
{Heap before GC invocations=48 (full 0):
 garbage-first heap   total 322560K, used 276021K [0x00000000a2000000, 0x0000000100000000)
  region size 1024K, 189 young (193536K), 1 survivors (1024K)
 Metaspace       used 58093K, committed 58368K, reserved 1114112K
  class space    used 6542K, committed 6720K, reserved 1048576K
}
Event: 62.895 GC heap after
{Heap after GC invocations=49 (full 0):
 garbage-first heap   total 322560K, used 92083K [0x00000000a2000000, 0x0000000100000000)
  region size 1024K, 9 young (9216K), 9 survivors (9216K)
 Metaspace       used 58093K, committed 58368K, reserved 1114112K
  class space    used 6542K, committed 6720K, reserved 1048576K
}

